# JRE version: OpenJDK Runtime Environment Temurin-21.0.6+7 (21.0.6+7) (build 21.0.6+7-LTS)
# Java VM: OpenJDK 64-Bit Server VM Temurin-21.0.6+7 (21.0.6+7-LTS, mixed mode, sharing, tiered, compressed oops, compressed class ptrs, g1 gc, linux-amd64)
GC Precious Log:
 CardTable entry size: 512
 Card Set container configuration: InlinePtr #cards 4 size 8 Array Of Cards #cards 16 size 48 Howl #buckets 8 coarsen threshold 3686 Howl Bitmap #cards 512 size 80 coarsen threshold 460 Card regions per heap region 1 cards per card region 4096
 CPUs: 4 total, 4 available
 Memory: 11734M
 Large Page Support: Disabled
 NUMA Support: Disabled
 Compressed Oops: Enabled (Zero based)
 Heap Region Size: 2M
 Heap Min Capacity: 8M
 Heap Initial Capacity: 184M
 Heap Max Capacity: 2934M
 Pre-touch: Disabled
 Parallel Workers: 4
 Concurrent Workers: 1
 Concurrent Refinement Workers: 4
 Periodic GC: Disabled
Heap:
 garbage-first heap   total 94208K, used 68641K [0x0000000748a00000, 0x0000000800000000)
  region size 2048K, 22 young (45056K), 0 survivors (0K)
 Metaspace       used 76031K, committed 76800K, reserved 1179648K
  class space    used 9772K, committed 10176K, reserved 1048576K
GC Heap History (20 events):
Event: 5.386 GC heap before
{Heap before GC invocations=18 (full 0):
 garbage-first heap   total 75776K, used 61613K [0x0000000748a00000, 0x0000000800000000)
  region size 2048K, 21 young (43008K), 3 survivors (6144K)
 Metaspace       used 55908K, committed 56512K, reserved 1114112K
  class space    used 7257K, committed 7488K, reserved 1048576K
}
Event: 5.395 GC heap after
{Heap after GC invocations=19 (full 0):
 garbage-first heap   total 94208K, used 24649K [0x0000000748a00000, 0x0000000800000000)
  region size 2048K, 2 young (4096K), 2 survivors (4096K)
 Metaspace       used 55908K, committed 56512K, reserved 1114112K
  class space    used 7257K, committed 7488K, reserved 1048576K
}
Event: 6.091 GC heap before
{Heap before GC invocations=19 (full 0):
 garbage-first heap   total 94208K, used 71753K [0x0000000748a00000, 0x0000000800000000)
  region size 2048K, 27 young (55296K), 2 survivors (4096K)
 Metaspace       used 61081K, committed 61696K, reserved 1114112K
  class space    used 8031K, committed 8320K, reserved 1048576K
}
Event: 6.104 GC heap after
{Heap after GC invocations=20 (full 0):
 garbage-first heap   total 94208K, used 25960K [0x0000000748a00000, 0x0000000800000000)
  region size 2048K, 3 young (6144K), 3 survivors (6144K)
 Metaspace       used 61081K, committed 61696K, reserved 1114112K
  class space    used 8031K, committed 8320K, reserved 1048576K
}
Event: 7.163 GC heap before
{Heap before GC invocations=21 (full 0):
 garbage-first heap   total 94208K, used 73064K [0x0000000748a00000, 0x0000000800000000)
  region size 2048K, 27 young (55296K), 3 survivors (6144K)
 Metaspace       used 65060K, committed 65792K, reserved 1114112K
  class space    used 8582K, committed 8896K, reserved 1048576K
}
Event: 7.180 GC heap after
{Heap after GC invocations=22 (full 0):
 garbage-first heap   total 94208K, used 28999K [0x0000000748a00000, 0x0000000800000000)
  region size 2048K, 4 young (8192K), 4 survivors (8192K)
 Metaspace       used 65060K, committed 65792K, reserved 1114112K
  class space    used 8582K, committed 8896K, reserved 1048576K
}
Event: 69.250 GC heap before
{Heap before GC invocations=22 (full 0):
 garbage-first heap   total 94208K, used 76103K [0x0000000748a00000, 0x0000000800000000)
  region size 2048K, 27 young (55296K), 4 survivors (8192K)
 Metaspace       used 69722K, committed 70464K, reserved 1114112K
  class space    used 9217K, committed 9536K, reserved 1048576K
}
Event: 69.259 GC heap after
{Heap after GC invocations=23 (full 0):
 garbage-first heap   total 94208K, used 30284K [0x0000000748a00000, 0x0000000800000000)
  region size 2048K, 3 young (6144K), 3 survivors (6144K)
 Metaspace       used 69722K, committed 70464K, reserved 1114112K
  class space    used 9217K, committed 9536K, reserved 1048576K
}
Event: 139.028 GC heap before
{Heap before GC invocations=23 (full 0):
 garbage-first heap   total 94208K, used 65100K [0x0000000748a00000, 0x0000000800000000)
  region size 2048K, 22 young (45056K), 3 survivors (6144K)
 Metaspace       used 73488K, committed 74240K, reserved 1114112K
  class space    used 9683K, committed 10048K, reserved 1048576K
}
Event: 139.088 GC heap after
{Heap after GC invocations=24 (full 1):
 garbage-first heap   total 94208K, used 25605K [0x0000000748a00000, 0x0000000800000000)
  region size 2048K, 0 young (0K), 0 survivors (0K)
 Metaspace       used 73488K, committed 74240K, reserved 1114112K
  class space    used 9683K, committed 10048K, reserved 1048576K
}
Event: 170.164 GC heap before
{Heap before GC invocations=24 (full 1):
 garbage-first heap   total 94208K, used 78853K [0x0000000748a00000, 0x0000000800000000)
  region size 2048K, 27 young (55296K), 0 survivors (0K)
 Metaspace       used 74315K, committed 75072K, reserved 1114112K
  class space    used 9707K, committed 10112K, reserved 1048576K
}
Event: 170.173 GC heap after
{Heap after GC invocations=25 (full 1):
 garbage-first heap   total 94208K, used 30781K [0x0000000748a00000, 0x0000000800000000)
  region size 2048K, 3 young (6144K), 3 survivors (6144K)
 Metaspace       used 74315K, committed 75072K, reserved 1114112K
  class space    used 9707K, committed 10112K, reserved 1048576K
}
Event: 170.190 GC heap before
{Heap before GC invocations=25 (full 1):
 garbage-first heap   total 94208K, used 30781K [0x0000000748a00000, 0x0000000800000000)
  region size 2048K, 4 young (8192K), 3 survivors (6144K)
 Metaspace       used 74323K, committed 75136K, reserved 1114112K
  class space    used 9708K, committed 10112K, reserved 1048576K
}
Event: 170.219 GC heap after
{Heap after GC invocations=26 (full 2):
 garbage-first heap   total 94208K, used 25262K [0x0000000748a00000, 0x0000000800000000)
  region size 2048K, 0 young (0K), 0 survivors (0K)
 Metaspace       used 74320K, committed 75136K, reserved 1114112K
  class space    used 9707K, committed 10112K, reserved 1048576K
}
Event: 187.127 GC heap before
{Heap before GC invocations=26 (full 2):
 garbage-first heap   total 94208K, used 78510K [0x0000000748a00000, 0x0000000800000000)
  region size 2048K, 27 young (55296K), 0 survivors (0K)
 Metaspace       used 74964K, committed 75712K, reserved 1179648K
  class space    used 9727K, committed 10112K, reserved 1048576K
}
Event: 187.172 GC heap after
{Heap after GC invocations=27 (full 3):
 garbage-first heap   total 94208K, used 25443K [0x0000000748a00000, 0x0000000800000000)
  region size 2048K, 0 young (0K), 0 survivors (0K)
 Metaspace       used 74961K, committed 75712K, reserved 1179648K
  class space    used 9726K, committed 10112K, reserved 1048576K
}
Event: 187.729 GC heap before
{Heap before GC invocations=27 (full 3):
 garbage-first heap   total 94208K, used 78691K [0x0000000748a00000, 0x0000000800000000)
  region size 2048K, 27 young (55296K), 0 survivors (0K)
 Metaspace       used 75515K, committed 76352K, reserved 1179648K
  class space    used 9751K, committed 10176K, reserved 1048576K
}
Event: 187.734 GC heap after
{Heap after GC invocations=28 (full 3):
 garbage-first heap   total 94208K, used 30193K [0x0000000748a00000, 0x0000000800000000)
  region size 2048K, 3 young (6144K), 3 survivors (6144K)
 Metaspace       used 75515K, committed 76352K, reserved 1179648K
  class space    used 9751K, committed 10176K, reserved 1048576K
}
Event: 245.057 GC heap before
{Heap before GC invocations=29 (full 3):
 garbage-first heap   total 94208K, used 32241K [0x0000000748a00000, 0x0000000800000000)
  region size 2048K, 5 young (10240K), 3 survivors (6144K)
 Metaspace       used 75534K, committed 76352K, reserved 1179648K
  class space    used 9752K, committed 10176K, reserved 1048576K
}
Event: 245.087 GC heap after
{Heap after GC invocations=30 (full 4):
 garbage-first heap   total 94208K, used 25633K [0x0000000748a00000, 0x0000000800000000)
  region size 2048K, 0 young (0K), 0 survivors (0K)
 Metaspace       used 75534K, committed 76352K, reserved 1179648K
  class space    used 9752K, committed 10176K, reserved 1048576K
}

